<?xml version="1.0" encoding="UTF-8"?><testrun name="BookTesting" project="JunitTesting" tests="38" started="38" failures="2" errors="0" ignored="0">
  <testsuite name="BookTesting" time="0.06" uniqueid="[engine:junit-jupiter]/[class:BookTesting]">
    <testcase name="checkfinishedREadingOnMethod1" classname="BookTesting" time="0.012" displayname="checkfinishedREadingOnMethod1()" uniqueid="[engine:junit-jupiter]/[class:BookTesting]/[method:checkfinishedREadingOnMethod1()]"/>
    <testcase name="checkfinishedREadingOnMethod2" classname="BookTesting" time="0.001" displayname="checkfinishedREadingOnMethod2()" uniqueid="[engine:junit-jupiter]/[class:BookTesting]/[method:checkfinishedREadingOnMethod2()]"/>
    <testcase name="checkHashCodeMethod1" classname="BookTesting" time="0.001" displayname="checkHashCodeMethod1()" uniqueid="[engine:junit-jupiter]/[class:BookTesting]/[method:checkHashCodeMethod1()]"/>
    <testcase name="checkIsProgress1" classname="BookTesting" time="0.006" displayname="checkIsProgress1()" uniqueid="[engine:junit-jupiter]/[class:BookTesting]/[method:checkIsProgress1()]">
      <failure>
        <expected>false</expected>
        <actual>true</actual>
        org.opentest4j.AssertionFailedError: expected: &lt;false&gt; but was: &lt;true&gt;&#13;
	at org.junit.jupiter.api.AssertionUtils.fail(AssertionUtils.java:55)&#13;
	at org.junit.jupiter.api.AssertEquals.failNotEqual(AssertEquals.java:195)&#13;
	at org.junit.jupiter.api.AssertEquals.assertEquals(AssertEquals.java:184)&#13;
	at org.junit.jupiter.api.AssertEquals.assertEquals(AssertEquals.java:179)&#13;
	at org.junit.jupiter.api.Assertions.assertEquals(Assertions.java:1124)&#13;
	at BookTesting.checkIsProgress1(BookTesting.java:352)&#13;
	at java.base/jdk.internal.reflect.NativeMethodAccessorImpl.invoke0(Native Method)&#13;
	at java.base/jdk.internal.reflect.NativeMethodAccessorImpl.invoke(NativeMethodAccessorImpl.java:62)&#13;
	at java.base/jdk.internal.reflect.DelegatingMethodAccessorImpl.invoke(DelegatingMethodAccessorImpl.java:43)&#13;
	at java.base/java.lang.reflect.Method.invoke(Method.java:567)&#13;
	at org.junit.platform.commons.util.ReflectionUtils.invokeMethod(ReflectionUtils.java:628)&#13;
	at org.junit.jupiter.engine.execution.ExecutableInvoker.invoke(ExecutableInvoker.java:117)&#13;
	at org.junit.jupiter.engine.descriptor.TestMethodTestDescriptor.lambda$invokeTestMethod$7(TestMethodTestDescriptor.java:184)&#13;
	at org.junit.platform.engine.support.hierarchical.ThrowableCollector.execute(ThrowableCollector.java:73)&#13;
	at org.junit.jupiter.engine.descriptor.TestMethodTestDescriptor.invokeTestMethod(TestMethodTestDescriptor.java:180)&#13;
	at org.junit.jupiter.engine.descriptor.TestMethodTestDescriptor.execute(TestMethodTestDescriptor.java:127)&#13;
	at org.junit.jupiter.engine.descriptor.TestMethodTestDescriptor.execute(TestMethodTestDescriptor.java:68)&#13;
	at org.junit.platform.engine.support.hierarchical.NodeTestTask.lambda$executeRecursively$5(NodeTestTask.java:135)&#13;
	at org.junit.platform.engine.support.hierarchical.ThrowableCollector.execute(ThrowableCollector.java:73)&#13;
	at org.junit.platform.engine.support.hierarchical.NodeTestTask.lambda$executeRecursively$7(NodeTestTask.java:125)&#13;
	at org.junit.platform.engine.support.hierarchical.Node.around(Node.java:135)&#13;
	at org.junit.platform.engine.support.hierarchical.NodeTestTask.lambda$executeRecursively$8(NodeTestTask.java:123)&#13;
	at org.junit.platform.engine.support.hierarchical.ThrowableCollector.execute(ThrowableCollector.java:73)&#13;
	at org.junit.platform.engine.support.hierarchical.NodeTestTask.executeRecursively(NodeTestTask.java:122)&#13;
	at org.junit.platform.engine.support.hierarchical.NodeTestTask.execute(NodeTestTask.java:80)&#13;
	at java.base/java.util.ArrayList.forEach(ArrayList.java:1540)&#13;
	at org.junit.platform.engine.support.hierarchical.SameThreadHierarchicalTestExecutorService.invokeAll(SameThreadHierarchicalTestExecutorService.java:38)&#13;
	at org.junit.platform.engine.support.hierarchical.NodeTestTask.lambda$executeRecursively$5(NodeTestTask.java:139)&#13;
	at org.junit.platform.engine.support.hierarchical.ThrowableCollector.execute(ThrowableCollector.java:73)&#13;
	at org.junit.platform.engine.support.hierarchical.NodeTestTask.lambda$executeRecursively$7(NodeTestTask.java:125)&#13;
	at org.junit.platform.engine.support.hierarchical.Node.around(Node.java:135)&#13;
	at org.junit.platform.engine.support.hierarchical.NodeTestTask.lambda$executeRecursively$8(NodeTestTask.java:123)&#13;
	at org.junit.platform.engine.support.hierarchical.ThrowableCollector.execute(ThrowableCollector.java:73)&#13;
	at org.junit.platform.engine.support.hierarchical.NodeTestTask.executeRecursively(NodeTestTask.java:122)&#13;
	at org.junit.platform.engine.support.hierarchical.NodeTestTask.execute(NodeTestTask.java:80)&#13;
	at java.base/java.util.ArrayList.forEach(ArrayList.java:1540)&#13;
	at org.junit.platform.engine.support.hierarchical.SameThreadHierarchicalTestExecutorService.invokeAll(SameThreadHierarchicalTestExecutorService.java:38)&#13;
	at org.junit.platform.engine.support.hierarchical.NodeTestTask.lambda$executeRecursively$5(NodeTestTask.java:139)&#13;
	at org.junit.platform.engine.support.hierarchical.ThrowableCollector.execute(ThrowableCollector.java:73)&#13;
	at org.junit.platform.engine.support.hierarchical.NodeTestTask.lambda$executeRecursively$7(NodeTestTask.java:125)&#13;
	at org.junit.platform.engine.support.hierarchical.Node.around(Node.java:135)&#13;
	at org.junit.platform.engine.support.hierarchical.NodeTestTask.lambda$executeRecursively$8(NodeTestTask.java:123)&#13;
	at org.junit.platform.engine.support.hierarchical.ThrowableCollector.execute(ThrowableCollector.java:73)&#13;
	at org.junit.platform.engine.support.hierarchical.NodeTestTask.executeRecursively(NodeTestTask.java:122)&#13;
	at org.junit.platform.engine.support.hierarchical.NodeTestTask.execute(NodeTestTask.java:80)&#13;
	at org.junit.platform.engine.support.hierarchical.SameThreadHierarchicalTestExecutorService.submit(SameThreadHierarchicalTestExecutorService.java:32)&#13;
	at org.junit.platform.engine.support.hierarchical.HierarchicalTestExecutor.execute(HierarchicalTestExecutor.java:57)&#13;
	at org.junit.platform.engine.support.hierarchical.HierarchicalTestEngine.execute(HierarchicalTestEngine.java:51)&#13;
	at org.junit.platform.launcher.core.DefaultLauncher.execute(DefaultLauncher.java:229)&#13;
	at org.junit.platform.launcher.core.DefaultLauncher.lambda$execute$6(DefaultLauncher.java:197)&#13;
	at org.junit.platform.launcher.core.DefaultLauncher.withInterceptedStreams(DefaultLauncher.java:211)&#13;
	at org.junit.platform.launcher.core.DefaultLauncher.execute(DefaultLauncher.java:191)&#13;
	at org.junit.platform.launcher.core.DefaultLauncher.execute(DefaultLauncher.java:137)&#13;
	at org.eclipse.jdt.internal.junit5.runner.JUnit5TestReference.run(JUnit5TestReference.java:89)&#13;
	at org.eclipse.jdt.internal.junit.runner.TestExecution.run(TestExecution.java:41)&#13;
	at org.eclipse.jdt.internal.junit.runner.RemoteTestRunner.runTests(RemoteTestRunner.java:541)&#13;
	at org.eclipse.jdt.internal.junit.runner.RemoteTestRunner.runTests(RemoteTestRunner.java:763)&#13;
	at org.eclipse.jdt.internal.junit.runner.RemoteTestRunner.run(RemoteTestRunner.java:463)&#13;
	at org.eclipse.jdt.internal.junit.runner.RemoteTestRunner.main(RemoteTestRunner.java:209)&#13;
&#13;

      </failure>
    </testcase>
    <testcase name="checkIsProgress2" classname="BookTesting" time="0.002" displayname="checkIsProgress2()" uniqueid="[engine:junit-jupiter]/[class:BookTesting]/[method:checkIsProgress2()]">
      <failure>
        <expected>true</expected>
        <actual>false</actual>
        org.opentest4j.AssertionFailedError: expected: &lt;true&gt; but was: &lt;false&gt;&#13;
	at org.junit.jupiter.api.AssertionUtils.fail(AssertionUtils.java:55)&#13;
	at org.junit.jupiter.api.AssertEquals.failNotEqual(AssertEquals.java:195)&#13;
	at org.junit.jupiter.api.AssertEquals.assertEquals(AssertEquals.java:184)&#13;
	at org.junit.jupiter.api.AssertEquals.assertEquals(AssertEquals.java:179)&#13;
	at org.junit.jupiter.api.Assertions.assertEquals(Assertions.java:1124)&#13;
	at BookTesting.checkIsProgress2(BookTesting.java:361)&#13;
	at java.base/jdk.internal.reflect.NativeMethodAccessorImpl.invoke0(Native Method)&#13;
	at java.base/jdk.internal.reflect.NativeMethodAccessorImpl.invoke(NativeMethodAccessorImpl.java:62)&#13;
	at java.base/jdk.internal.reflect.DelegatingMethodAccessorImpl.invoke(DelegatingMethodAccessorImpl.java:43)&#13;
	at java.base/java.lang.reflect.Method.invoke(Method.java:567)&#13;
	at org.junit.platform.commons.util.ReflectionUtils.invokeMethod(ReflectionUtils.java:628)&#13;
	at org.junit.jupiter.engine.execution.ExecutableInvoker.invoke(ExecutableInvoker.java:117)&#13;
	at org.junit.jupiter.engine.descriptor.TestMethodTestDescriptor.lambda$invokeTestMethod$7(TestMethodTestDescriptor.java:184)&#13;
	at org.junit.platform.engine.support.hierarchical.ThrowableCollector.execute(ThrowableCollector.java:73)&#13;
	at org.junit.jupiter.engine.descriptor.TestMethodTestDescriptor.invokeTestMethod(TestMethodTestDescriptor.java:180)&#13;
	at org.junit.jupiter.engine.descriptor.TestMethodTestDescriptor.execute(TestMethodTestDescriptor.java:127)&#13;
	at org.junit.jupiter.engine.descriptor.TestMethodTestDescriptor.execute(TestMethodTestDescriptor.java:68)&#13;
	at org.junit.platform.engine.support.hierarchical.NodeTestTask.lambda$executeRecursively$5(NodeTestTask.java:135)&#13;
	at org.junit.platform.engine.support.hierarchical.ThrowableCollector.execute(ThrowableCollector.java:73)&#13;
	at org.junit.platform.engine.support.hierarchical.NodeTestTask.lambda$executeRecursively$7(NodeTestTask.java:125)&#13;
	at org.junit.platform.engine.support.hierarchical.Node.around(Node.java:135)&#13;
	at org.junit.platform.engine.support.hierarchical.NodeTestTask.lambda$executeRecursively$8(NodeTestTask.java:123)&#13;
	at org.junit.platform.engine.support.hierarchical.ThrowableCollector.execute(ThrowableCollector.java:73)&#13;
	at org.junit.platform.engine.support.hierarchical.NodeTestTask.executeRecursively(NodeTestTask.java:122)&#13;
	at org.junit.platform.engine.support.hierarchical.NodeTestTask.execute(NodeTestTask.java:80)&#13;
	at java.base/java.util.ArrayList.forEach(ArrayList.java:1540)&#13;
	at org.junit.platform.engine.support.hierarchical.SameThreadHierarchicalTestExecutorService.invokeAll(SameThreadHierarchicalTestExecutorService.java:38)&#13;
	at org.junit.platform.engine.support.hierarchical.NodeTestTask.lambda$executeRecursively$5(NodeTestTask.java:139)&#13;
	at org.junit.platform.engine.support.hierarchical.ThrowableCollector.execute(ThrowableCollector.java:73)&#13;
	at org.junit.platform.engine.support.hierarchical.NodeTestTask.lambda$executeRecursively$7(NodeTestTask.java:125)&#13;
	at org.junit.platform.engine.support.hierarchical.Node.around(Node.java:135)&#13;
	at org.junit.platform.engine.support.hierarchical.NodeTestTask.lambda$executeRecursively$8(NodeTestTask.java:123)&#13;
	at org.junit.platform.engine.support.hierarchical.ThrowableCollector.execute(ThrowableCollector.java:73)&#13;
	at org.junit.platform.engine.support.hierarchical.NodeTestTask.executeRecursively(NodeTestTask.java:122)&#13;
	at org.junit.platform.engine.support.hierarchical.NodeTestTask.execute(NodeTestTask.java:80)&#13;
	at java.base/java.util.ArrayList.forEach(ArrayList.java:1540)&#13;
	at org.junit.platform.engine.support.hierarchical.SameThreadHierarchicalTestExecutorService.invokeAll(SameThreadHierarchicalTestExecutorService.java:38)&#13;
	at org.junit.platform.engine.support.hierarchical.NodeTestTask.lambda$executeRecursively$5(NodeTestTask.java:139)&#13;
	at org.junit.platform.engine.support.hierarchical.ThrowableCollector.execute(ThrowableCollector.java:73)&#13;
	at org.junit.platform.engine.support.hierarchical.NodeTestTask.lambda$executeRecursively$7(NodeTestTask.java:125)&#13;
	at org.junit.platform.engine.support.hierarchical.Node.around(Node.java:135)&#13;
	at org.junit.platform.engine.support.hierarchical.NodeTestTask.lambda$executeRecursively$8(NodeTestTask.java:123)&#13;
	at org.junit.platform.engine.support.hierarchical.ThrowableCollector.execute(ThrowableCollector.java:73)&#13;
	at org.junit.platform.engine.support.hierarchical.NodeTestTask.executeRecursively(NodeTestTask.java:122)&#13;
	at org.junit.platform.engine.support.hierarchical.NodeTestTask.execute(NodeTestTask.java:80)&#13;
	at org.junit.platform.engine.support.hierarchical.SameThreadHierarchicalTestExecutorService.submit(SameThreadHierarchicalTestExecutorService.java:32)&#13;
	at org.junit.platform.engine.support.hierarchical.HierarchicalTestExecutor.execute(HierarchicalTestExecutor.java:57)&#13;
	at org.junit.platform.engine.support.hierarchical.HierarchicalTestEngine.execute(HierarchicalTestEngine.java:51)&#13;
	at org.junit.platform.launcher.core.DefaultLauncher.execute(DefaultLauncher.java:229)&#13;
	at org.junit.platform.launcher.core.DefaultLauncher.lambda$execute$6(DefaultLauncher.java:197)&#13;
	at org.junit.platform.launcher.core.DefaultLauncher.withInterceptedStreams(DefaultLauncher.java:211)&#13;
	at org.junit.platform.launcher.core.DefaultLauncher.execute(DefaultLauncher.java:191)&#13;
	at org.junit.platform.launcher.core.DefaultLauncher.execute(DefaultLauncher.java:137)&#13;
	at org.eclipse.jdt.internal.junit5.runner.JUnit5TestReference.run(JUnit5TestReference.java:89)&#13;
	at org.eclipse.jdt.internal.junit.runner.TestExecution.run(TestExecution.java:41)&#13;
	at org.eclipse.jdt.internal.junit.runner.RemoteTestRunner.runTests(RemoteTestRunner.java:541)&#13;
	at org.eclipse.jdt.internal.junit.runner.RemoteTestRunner.runTests(RemoteTestRunner.java:763)&#13;
	at org.eclipse.jdt.internal.junit.runner.RemoteTestRunner.run(RemoteTestRunner.java:463)&#13;
	at org.eclipse.jdt.internal.junit.runner.RemoteTestRunner.main(RemoteTestRunner.java:209)&#13;
&#13;

      </failure>
    </testcase>
    <testcase name="checkIsProgress3" classname="BookTesting" time="0.001" displayname="checkIsProgress3()" uniqueid="[engine:junit-jupiter]/[class:BookTesting]/[method:checkIsProgress3()]"/>
    <testcase name="checkIsProgress4" classname="BookTesting" time="0.001" displayname="checkIsProgress4()" uniqueid="[engine:junit-jupiter]/[class:BookTesting]/[method:checkIsProgress4()]"/>
    <testcase name="checkIsReadMethod1" classname="BookTesting" time="0.001" displayname="checkIsReadMethod1()" uniqueid="[engine:junit-jupiter]/[class:BookTesting]/[method:checkIsReadMethod1()]"/>
    <testcase name="checkIsReadMethod2" classname="BookTesting" time="0.001" displayname="checkIsReadMethod2()" uniqueid="[engine:junit-jupiter]/[class:BookTesting]/[method:checkIsReadMethod2()]"/>
    <testcase name="checkIsReadMethod3" classname="BookTesting" time="0.001" displayname="checkIsReadMethod3()" uniqueid="[engine:junit-jupiter]/[class:BookTesting]/[method:checkIsReadMethod3()]"/>
    <testcase name="checkIsReadMethod4" classname="BookTesting" time="0.001" displayname="checkIsReadMethod4()" uniqueid="[engine:junit-jupiter]/[class:BookTesting]/[method:checkIsReadMethod4()]"/>
    <testcase name="checkToStringMethod1" classname="BookTesting" time="0.001" displayname="checkToStringMethod1()" uniqueid="[engine:junit-jupiter]/[class:BookTesting]/[method:checkToStringMethod1()]"/>
    <testcase name="checkToStringMethod2" classname="BookTesting" time="0.001" displayname="checkToStringMethod2()" uniqueid="[engine:junit-jupiter]/[class:BookTesting]/[method:checkToStringMethod2()]"/>
    <testcase name="checkCompareToMethod1" classname="BookTesting" time="0.001" displayname="checkCompareToMethod1()" uniqueid="[engine:junit-jupiter]/[class:BookTesting]/[method:checkCompareToMethod1()]"/>
    <testcase name="checkCompareToMethod2" classname="BookTesting" time="0.001" displayname="checkCompareToMethod2()" uniqueid="[engine:junit-jupiter]/[class:BookTesting]/[method:checkCompareToMethod2()]"/>
    <testcase name="checkCompareToMethod3" classname="BookTesting" time="0.001" displayname="checkCompareToMethod3()" uniqueid="[engine:junit-jupiter]/[class:BookTesting]/[method:checkCompareToMethod3()]"/>
    <testcase name="checkPublishedDateValidity0" classname="BookTesting" time="0.002" displayname="checkPublishedDateValidity0()" uniqueid="[engine:junit-jupiter]/[class:BookTesting]/[method:checkPublishedDateValidity0()]"/>
    <testcase name="checkPublishedDateValidity1" classname="BookTesting" time="0.001" displayname="checkPublishedDateValidity1()" uniqueid="[engine:junit-jupiter]/[class:BookTesting]/[method:checkPublishedDateValidity1()]"/>
    <testcase name="checkPublishedDateValidity2" classname="BookTesting" time="0.001" displayname="checkPublishedDateValidity2()" uniqueid="[engine:junit-jupiter]/[class:BookTesting]/[method:checkPublishedDateValidity2()]"/>
    <testcase name="checkPublishedDateValidity3" classname="BookTesting" time="0.001" displayname="checkPublishedDateValidity3()" uniqueid="[engine:junit-jupiter]/[class:BookTesting]/[method:checkPublishedDateValidity3()]"/>
    <testcase name="checkPublishedDateValidity4" classname="BookTesting" time="0.001" displayname="checkPublishedDateValidity4()" uniqueid="[engine:junit-jupiter]/[class:BookTesting]/[method:checkPublishedDateValidity4()]"/>
    <testcase name="checkPublishedDateValidity5" classname="BookTesting" time="0.001" displayname="checkPublishedDateValidity5()" uniqueid="[engine:junit-jupiter]/[class:BookTesting]/[method:checkPublishedDateValidity5()]"/>
    <testcase name="checkPublishedDateValidity6" classname="BookTesting" time="0.0" displayname="checkPublishedDateValidity6()" uniqueid="[engine:junit-jupiter]/[class:BookTesting]/[method:checkPublishedDateValidity6()]"/>
    <testcase name="checkPublishedDateValidity7" classname="BookTesting" time="0.001" displayname="checkPublishedDateValidity7()" uniqueid="[engine:junit-jupiter]/[class:BookTesting]/[method:checkPublishedDateValidity7()]"/>
    <testcase name="checkPublishedDateValidity8" classname="BookTesting" time="0.001" displayname="checkPublishedDateValidity8()" uniqueid="[engine:junit-jupiter]/[class:BookTesting]/[method:checkPublishedDateValidity8()]"/>
    <testcase name="checkPublishedDateValidity9" classname="BookTesting" time="0.001" displayname="checkPublishedDateValidity9()" uniqueid="[engine:junit-jupiter]/[class:BookTesting]/[method:checkPublishedDateValidity9()]"/>
    <testcase name="checkPublishedDateValidity10" classname="BookTesting" time="0.001" displayname="checkPublishedDateValidity10()" uniqueid="[engine:junit-jupiter]/[class:BookTesting]/[method:checkPublishedDateValidity10()]"/>
    <testcase name="checkPublishedDateValidity11" classname="BookTesting" time="0.0" displayname="checkPublishedDateValidity11()" uniqueid="[engine:junit-jupiter]/[class:BookTesting]/[method:checkPublishedDateValidity11()]"/>
    <testcase name="checkPublishedDateValidity12" classname="BookTesting" time="0.001" displayname="checkPublishedDateValidity12()" uniqueid="[engine:junit-jupiter]/[class:BookTesting]/[method:checkPublishedDateValidity12()]"/>
    <testcase name="checkPublishedDateValidity13" classname="BookTesting" time="0.001" displayname="checkPublishedDateValidity13()" uniqueid="[engine:junit-jupiter]/[class:BookTesting]/[method:checkPublishedDateValidity13()]"/>
    <testcase name="checkPublishedDateValidity14" classname="BookTesting" time="0.0" displayname="checkPublishedDateValidity14()" uniqueid="[engine:junit-jupiter]/[class:BookTesting]/[method:checkPublishedDateValidity14()]"/>
    <testcase name="checkPublishedDateValidity15" classname="BookTesting" time="0.001" displayname="checkPublishedDateValidity15()" uniqueid="[engine:junit-jupiter]/[class:BookTesting]/[method:checkPublishedDateValidity15()]"/>
    <testcase name="checkPublishedDateValidity16" classname="BookTesting" time="0.001" displayname="checkPublishedDateValidity16()" uniqueid="[engine:junit-jupiter]/[class:BookTesting]/[method:checkPublishedDateValidity16()]"/>
    <testcase name="checkPublishedDateValidity17" classname="BookTesting" time="0.001" displayname="checkPublishedDateValidity17()" uniqueid="[engine:junit-jupiter]/[class:BookTesting]/[method:checkPublishedDateValidity17()]"/>
    <testcase name="checkPublishedDateValidity18" classname="BookTesting" time="0.001" displayname="checkPublishedDateValidity18()" uniqueid="[engine:junit-jupiter]/[class:BookTesting]/[method:checkPublishedDateValidity18()]"/>
    <testcase name="checkStartedREadingOnMethod1" classname="BookTesting" time="0.001" displayname="checkStartedREadingOnMethod1()" uniqueid="[engine:junit-jupiter]/[class:BookTesting]/[method:checkStartedREadingOnMethod1()]"/>
    <testcase name="checkStartedREadingOnMethod2" classname="BookTesting" time="0.001" displayname="checkStartedREadingOnMethod2()" uniqueid="[engine:junit-jupiter]/[class:BookTesting]/[method:checkStartedREadingOnMethod2()]"/>
    <testcase name="checkStartedREadingOnMethod3" classname="BookTesting" time="0.008" displayname="checkStartedREadingOnMethod3()" uniqueid="[engine:junit-jupiter]/[class:BookTesting]/[method:checkStartedREadingOnMethod3()]"/>
  </testsuite>
</testrun>
