<?xml version="1.0" encoding="UTF-8"?><testrun name="BookFilterTEsting" project="JunitTesting" tests="17" started="17" failures="0" errors="1" ignored="0">
  <testsuite name="BookFilterTEsting" time="0.044" uniqueid="[engine:junit-jupiter]/[class:BookFilterTEsting]">
    <testcase name="beforeYearFilter1" classname="BookFilterTEsting" time="0.013" displayname="beforeYearFilter1()" uniqueid="[engine:junit-jupiter]/[class:BookFilterTEsting]/[method:beforeYearFilter1()]"/>
    <testcase name="beforeYearFilter2" classname="BookFilterTEsting" time="0.001" displayname="beforeYearFilter2()" uniqueid="[engine:junit-jupiter]/[class:BookFilterTEsting]/[method:beforeYearFilter2()]"/>
    <testcase name="beforeYearFilter3" classname="BookFilterTEsting" time="0.001" displayname="beforeYearFilter3()" uniqueid="[engine:junit-jupiter]/[class:BookFilterTEsting]/[method:beforeYearFilter3()]"/>
    <testcase name="beforeYearFilter4" classname="BookFilterTEsting" time="0.001" displayname="beforeYearFilter4()" uniqueid="[engine:junit-jupiter]/[class:BookFilterTEsting]/[method:beforeYearFilter4()]"/>
    <testcase name="beforeYearFilter5" classname="BookFilterTEsting" time="0.001" displayname="beforeYearFilter5()" uniqueid="[engine:junit-jupiter]/[class:BookFilterTEsting]/[method:beforeYearFilter5()]"/>
    <testcase name="beforeYearFilter6" classname="BookFilterTEsting" time="0.001" displayname="beforeYearFilter6()" uniqueid="[engine:junit-jupiter]/[class:BookFilterTEsting]/[method:beforeYearFilter6()]"/>
    <testcase name="beforeYearFilter7" classname="BookFilterTEsting" time="0.001" displayname="beforeYearFilter7()" uniqueid="[engine:junit-jupiter]/[class:BookFilterTEsting]/[method:beforeYearFilter7()]"/>
    <testcase name="addFilterMEthod1" classname="BookFilterTEsting" time="0.008" displayname="addFilterMEthod1()" uniqueid="[engine:junit-jupiter]/[class:BookFilterTEsting]/[method:addFilterMEthod1()]">
      <error>java.lang.ClassCastException: class java.util.ArrayList cannot be cast to class java.awt.List (java.util.ArrayList is in module java.base of loader 'bootstrap'; java.awt.List is in module java.desktop of loader 'bootstrap')&#13;
	at BookFilterTEsting.addFilterMEthod1(BookFilterTEsting.java:211)&#13;
	at java.base/jdk.internal.reflect.NativeMethodAccessorImpl.invoke0(Native Method)&#13;
	at java.base/jdk.internal.reflect.NativeMethodAccessorImpl.invoke(NativeMethodAccessorImpl.java:62)&#13;
	at java.base/jdk.internal.reflect.DelegatingMethodAccessorImpl.invoke(DelegatingMethodAccessorImpl.java:43)&#13;
	at java.base/java.lang.reflect.Method.invoke(Method.java:567)&#13;
	at org.junit.platform.commons.util.ReflectionUtils.invokeMethod(ReflectionUtils.java:628)&#13;
	at org.junit.jupiter.engine.execution.ExecutableInvoker.invoke(ExecutableInvoker.java:117)&#13;
	at org.junit.jupiter.engine.descriptor.TestMethodTestDescriptor.lambda$invokeTestMethod$7(TestMethodTestDescriptor.java:184)&#13;
	at org.junit.platform.engine.support.hierarchical.ThrowableCollector.execute(ThrowableCollector.java:73)&#13;
	at org.junit.jupiter.engine.descriptor.TestMethodTestDescriptor.invokeTestMethod(TestMethodTestDescriptor.java:180)&#13;
	at org.junit.jupiter.engine.descriptor.TestMethodTestDescriptor.execute(TestMethodTestDescriptor.java:127)&#13;
	at org.junit.jupiter.engine.descriptor.TestMethodTestDescriptor.execute(TestMethodTestDescriptor.java:68)&#13;
	at org.junit.platform.engine.support.hierarchical.NodeTestTask.lambda$executeRecursively$5(NodeTestTask.java:135)&#13;
	at org.junit.platform.engine.support.hierarchical.ThrowableCollector.execute(ThrowableCollector.java:73)&#13;
	at org.junit.platform.engine.support.hierarchical.NodeTestTask.lambda$executeRecursively$7(NodeTestTask.java:125)&#13;
	at org.junit.platform.engine.support.hierarchical.Node.around(Node.java:135)&#13;
	at org.junit.platform.engine.support.hierarchical.NodeTestTask.lambda$executeRecursively$8(NodeTestTask.java:123)&#13;
	at org.junit.platform.engine.support.hierarchical.ThrowableCollector.execute(ThrowableCollector.java:73)&#13;
	at org.junit.platform.engine.support.hierarchical.NodeTestTask.executeRecursively(NodeTestTask.java:122)&#13;
	at org.junit.platform.engine.support.hierarchical.NodeTestTask.execute(NodeTestTask.java:80)&#13;
	at java.base/java.util.ArrayList.forEach(ArrayList.java:1540)&#13;
	at org.junit.platform.engine.support.hierarchical.SameThreadHierarchicalTestExecutorService.invokeAll(SameThreadHierarchicalTestExecutorService.java:38)&#13;
	at org.junit.platform.engine.support.hierarchical.NodeTestTask.lambda$executeRecursively$5(NodeTestTask.java:139)&#13;
	at org.junit.platform.engine.support.hierarchical.ThrowableCollector.execute(ThrowableCollector.java:73)&#13;
	at org.junit.platform.engine.support.hierarchical.NodeTestTask.lambda$executeRecursively$7(NodeTestTask.java:125)&#13;
	at org.junit.platform.engine.support.hierarchical.Node.around(Node.java:135)&#13;
	at org.junit.platform.engine.support.hierarchical.NodeTestTask.lambda$executeRecursively$8(NodeTestTask.java:123)&#13;
	at org.junit.platform.engine.support.hierarchical.ThrowableCollector.execute(ThrowableCollector.java:73)&#13;
	at org.junit.platform.engine.support.hierarchical.NodeTestTask.executeRecursively(NodeTestTask.java:122)&#13;
	at org.junit.platform.engine.support.hierarchical.NodeTestTask.execute(NodeTestTask.java:80)&#13;
	at java.base/java.util.ArrayList.forEach(ArrayList.java:1540)&#13;
	at org.junit.platform.engine.support.hierarchical.SameThreadHierarchicalTestExecutorService.invokeAll(SameThreadHierarchicalTestExecutorService.java:38)&#13;
	at org.junit.platform.engine.support.hierarchical.NodeTestTask.lambda$executeRecursively$5(NodeTestTask.java:139)&#13;
	at org.junit.platform.engine.support.hierarchical.ThrowableCollector.execute(ThrowableCollector.java:73)&#13;
	at org.junit.platform.engine.support.hierarchical.NodeTestTask.lambda$executeRecursively$7(NodeTestTask.java:125)&#13;
	at org.junit.platform.engine.support.hierarchical.Node.around(Node.java:135)&#13;
	at org.junit.platform.engine.support.hierarchical.NodeTestTask.lambda$executeRecursively$8(NodeTestTask.java:123)&#13;
	at org.junit.platform.engine.support.hierarchical.ThrowableCollector.execute(ThrowableCollector.java:73)&#13;
	at org.junit.platform.engine.support.hierarchical.NodeTestTask.executeRecursively(NodeTestTask.java:122)&#13;
	at org.junit.platform.engine.support.hierarchical.NodeTestTask.execute(NodeTestTask.java:80)&#13;
	at org.junit.platform.engine.support.hierarchical.SameThreadHierarchicalTestExecutorService.submit(SameThreadHierarchicalTestExecutorService.java:32)&#13;
	at org.junit.platform.engine.support.hierarchical.HierarchicalTestExecutor.execute(HierarchicalTestExecutor.java:57)&#13;
	at org.junit.platform.engine.support.hierarchical.HierarchicalTestEngine.execute(HierarchicalTestEngine.java:51)&#13;
	at org.junit.platform.launcher.core.DefaultLauncher.execute(DefaultLauncher.java:229)&#13;
	at org.junit.platform.launcher.core.DefaultLauncher.lambda$execute$6(DefaultLauncher.java:197)&#13;
	at org.junit.platform.launcher.core.DefaultLauncher.withInterceptedStreams(DefaultLauncher.java:211)&#13;
	at org.junit.platform.launcher.core.DefaultLauncher.execute(DefaultLauncher.java:191)&#13;
	at org.junit.platform.launcher.core.DefaultLauncher.execute(DefaultLauncher.java:137)&#13;
	at org.eclipse.jdt.internal.junit5.runner.JUnit5TestReference.run(JUnit5TestReference.java:89)&#13;
	at org.eclipse.jdt.internal.junit.runner.TestExecution.run(TestExecution.java:41)&#13;
	at org.eclipse.jdt.internal.junit.runner.RemoteTestRunner.runTests(RemoteTestRunner.java:541)&#13;
	at org.eclipse.jdt.internal.junit.runner.RemoteTestRunner.runTests(RemoteTestRunner.java:763)&#13;
	at org.eclipse.jdt.internal.junit.runner.RemoteTestRunner.run(RemoteTestRunner.java:463)&#13;
	at org.eclipse.jdt.internal.junit.runner.RemoteTestRunner.main(RemoteTestRunner.java:209)&#13;
&#13;
</error>
    </testcase>
    <testcase name="afterYearFilter1" classname="BookFilterTEsting" time="0.001" displayname="afterYearFilter1()" uniqueid="[engine:junit-jupiter]/[class:BookFilterTEsting]/[method:afterYearFilter1()]"/>
    <testcase name="afterYearFilter2" classname="BookFilterTEsting" time="0.001" displayname="afterYearFilter2()" uniqueid="[engine:junit-jupiter]/[class:BookFilterTEsting]/[method:afterYearFilter2()]"/>
    <testcase name="afterYearFilter3" classname="BookFilterTEsting" time="0.001" displayname="afterYearFilter3()" uniqueid="[engine:junit-jupiter]/[class:BookFilterTEsting]/[method:afterYearFilter3()]"/>
    <testcase name="afterYearFilter4" classname="BookFilterTEsting" time="0.001" displayname="afterYearFilter4()" uniqueid="[engine:junit-jupiter]/[class:BookFilterTEsting]/[method:afterYearFilter4()]"/>
    <testcase name="afterYearFilter5" classname="BookFilterTEsting" time="0.001" displayname="afterYearFilter5()" uniqueid="[engine:junit-jupiter]/[class:BookFilterTEsting]/[method:afterYearFilter5()]"/>
    <testcase name="afterYearFilter6" classname="BookFilterTEsting" time="0.001" displayname="afterYearFilter6()" uniqueid="[engine:junit-jupiter]/[class:BookFilterTEsting]/[method:afterYearFilter6()]"/>
    <testcase name="afterYearFilter7" classname="BookFilterTEsting" time="0.001" displayname="afterYearFilter7()" uniqueid="[engine:junit-jupiter]/[class:BookFilterTEsting]/[method:afterYearFilter7()]"/>
    <testcase name="compositeApply1" classname="BookFilterTEsting" time="0.002" displayname="compositeApply1()" uniqueid="[engine:junit-jupiter]/[class:BookFilterTEsting]/[method:compositeApply1()]"/>
    <testcase name="compositeApply2" classname="BookFilterTEsting" time="0.008" displayname="compositeApply2()" uniqueid="[engine:junit-jupiter]/[class:BookFilterTEsting]/[method:compositeApply2()]"/>
  </testsuite>
</testrun>
