<?xml version="1.0" encoding="UTF-8"?><testrun name="BookshelfTest" project="JunitTesting" tests="23" started="23" failures="1" errors="0" ignored="0">
  <testsuite name="BookshelfTest" time="0.06" uniqueid="[engine:junit-jupiter]/[class:BookshelfTest]">
    <testcase name="arrangeCompatorTest2" classname="BookshelfTest" time="0.014" displayname="arrangeCompatorTest2()" uniqueid="[engine:junit-jupiter]/[class:BookshelfTest]/[method:arrangeCompatorTest2()]"/>
    <testcase name="arrangeCompatorTest3" classname="BookshelfTest" time="0.001" displayname="arrangeCompatorTest3()" uniqueid="[engine:junit-jupiter]/[class:BookshelfTest]/[method:arrangeCompatorTest3()]"/>
    <testcase name="arrangeCompatorTest4" classname="BookshelfTest" time="0.002" displayname="arrangeCompatorTest4()" uniqueid="[engine:junit-jupiter]/[class:BookshelfTest]/[method:arrangeCompatorTest4()]"/>
    <testcase name="arrangeCompatorTest5" classname="BookshelfTest" time="0.006" displayname="arrangeCompatorTest5()" uniqueid="[engine:junit-jupiter]/[class:BookshelfTest]/[method:arrangeCompatorTest5()]"/>
    <testcase name="findBooksByTitleTest1" classname="BookshelfTest" time="0.003" displayname="findBooksByTitleTest1()" uniqueid="[engine:junit-jupiter]/[class:BookshelfTest]/[method:findBooksByTitleTest1()]"/>
    <testcase name="findBooksByTitleTest2" classname="BookshelfTest" time="0.001" displayname="findBooksByTitleTest2()" uniqueid="[engine:junit-jupiter]/[class:BookshelfTest]/[method:findBooksByTitleTest2()]"/>
    <testcase name="GroupByPublicationYearTest" classname="BookshelfTest" time="0.005" displayname="GroupByPublicationYearTest()" uniqueid="[engine:junit-jupiter]/[class:BookshelfTest]/[method:GroupByPublicationYearTest()]"/>
    <testcase name="Addtest2" classname="BookshelfTest" time="0.001" displayname="Addtest2()" uniqueid="[engine:junit-jupiter]/[class:BookshelfTest]/[method:Addtest2()]"/>
    <testcase name="Addtest3" classname="BookshelfTest" time="0.001" displayname="Addtest3()" uniqueid="[engine:junit-jupiter]/[class:BookshelfTest]/[method:Addtest3()]"/>
    <testcase name="ArrangeTest1" classname="BookshelfTest" time="0.001" displayname="ArrangeTest1()" uniqueid="[engine:junit-jupiter]/[class:BookshelfTest]/[method:ArrangeTest1()]"/>
    <testcase name="ArrangeTest2" classname="BookshelfTest" time="0.001" displayname="ArrangeTest2()" uniqueid="[engine:junit-jupiter]/[class:BookshelfTest]/[method:ArrangeTest2()]"/>
    <testcase name="ArrangeTest3" classname="BookshelfTest" time="0.001" displayname="ArrangeTest3()" uniqueid="[engine:junit-jupiter]/[class:BookshelfTest]/[method:ArrangeTest3()]"/>
    <testcase name="parcentageCompletedTest1" classname="BookshelfTest" time="0.002" displayname="parcentageCompletedTest1()" uniqueid="[engine:junit-jupiter]/[class:BookshelfTest]/[method:parcentageCompletedTest1()]"/>
    <testcase name="parcentageCompletedTest2" classname="BookshelfTest" time="0.001" displayname="parcentageCompletedTest2()" uniqueid="[engine:junit-jupiter]/[class:BookshelfTest]/[method:parcentageCompletedTest2()]"/>
    <testcase name="parcentageCompletedTest3" classname="BookshelfTest" time="0.001" displayname="parcentageCompletedTest3()" uniqueid="[engine:junit-jupiter]/[class:BookshelfTest]/[method:parcentageCompletedTest3()]"/>
    <testcase name="parcentageCompletedTest4" classname="BookshelfTest" time="0.001" displayname="parcentageCompletedTest4()" uniqueid="[engine:junit-jupiter]/[class:BookshelfTest]/[method:parcentageCompletedTest4()]"/>
    <testcase name="parcentageToReadTest1" classname="BookshelfTest" time="0.0" displayname="parcentageToReadTest1()" uniqueid="[engine:junit-jupiter]/[class:BookshelfTest]/[method:parcentageToReadTest1()]"/>
    <testcase name="parcentageToReadTest2" classname="BookshelfTest" time="0.002" displayname="parcentageToReadTest2()" uniqueid="[engine:junit-jupiter]/[class:BookshelfTest]/[method:parcentageToReadTest2()]"/>
    <testcase name="parcentageToReadTest3" classname="BookshelfTest" time="0.005" displayname="parcentageToReadTest3()" uniqueid="[engine:junit-jupiter]/[class:BookshelfTest]/[method:parcentageToReadTest3()]">
      <failure>java.lang.AssertionError: expected:&lt;100&gt; but was:&lt;0&gt;&#13;
	at org.junit.Assert.fail(Assert.java:88)&#13;
	at org.junit.Assert.failNotEquals(Assert.java:834)&#13;
	at org.junit.Assert.assertEquals(Assert.java:645)&#13;
	at org.junit.Assert.assertEquals(Assert.java:631)&#13;
	at BookshelfTest.parcentageToReadTest3(BookshelfTest.java:510)&#13;
	at java.base/jdk.internal.reflect.NativeMethodAccessorImpl.invoke0(Native Method)&#13;
	at java.base/jdk.internal.reflect.NativeMethodAccessorImpl.invoke(NativeMethodAccessorImpl.java:62)&#13;
	at java.base/jdk.internal.reflect.DelegatingMethodAccessorImpl.invoke(DelegatingMethodAccessorImpl.java:43)&#13;
	at java.base/java.lang.reflect.Method.invoke(Method.java:567)&#13;
	at org.junit.platform.commons.util.ReflectionUtils.invokeMethod(ReflectionUtils.java:628)&#13;
	at org.junit.jupiter.engine.execution.ExecutableInvoker.invoke(ExecutableInvoker.java:117)&#13;
	at org.junit.jupiter.engine.descriptor.TestMethodTestDescriptor.lambda$invokeTestMethod$7(TestMethodTestDescriptor.java:184)&#13;
	at org.junit.platform.engine.support.hierarchical.ThrowableCollector.execute(ThrowableCollector.java:73)&#13;
	at org.junit.jupiter.engine.descriptor.TestMethodTestDescriptor.invokeTestMethod(TestMethodTestDescriptor.java:180)&#13;
	at org.junit.jupiter.engine.descriptor.TestMethodTestDescriptor.execute(TestMethodTestDescriptor.java:127)&#13;
	at org.junit.jupiter.engine.descriptor.TestMethodTestDescriptor.execute(TestMethodTestDescriptor.java:68)&#13;
	at org.junit.platform.engine.support.hierarchical.NodeTestTask.lambda$executeRecursively$5(NodeTestTask.java:135)&#13;
	at org.junit.platform.engine.support.hierarchical.ThrowableCollector.execute(ThrowableCollector.java:73)&#13;
	at org.junit.platform.engine.support.hierarchical.NodeTestTask.lambda$executeRecursively$7(NodeTestTask.java:125)&#13;
	at org.junit.platform.engine.support.hierarchical.Node.around(Node.java:135)&#13;
	at org.junit.platform.engine.support.hierarchical.NodeTestTask.lambda$executeRecursively$8(NodeTestTask.java:123)&#13;
	at org.junit.platform.engine.support.hierarchical.ThrowableCollector.execute(ThrowableCollector.java:73)&#13;
	at org.junit.platform.engine.support.hierarchical.NodeTestTask.executeRecursively(NodeTestTask.java:122)&#13;
	at org.junit.platform.engine.support.hierarchical.NodeTestTask.execute(NodeTestTask.java:80)&#13;
	at java.base/java.util.ArrayList.forEach(ArrayList.java:1540)&#13;
	at org.junit.platform.engine.support.hierarchical.SameThreadHierarchicalTestExecutorService.invokeAll(SameThreadHierarchicalTestExecutorService.java:38)&#13;
	at org.junit.platform.engine.support.hierarchical.NodeTestTask.lambda$executeRecursively$5(NodeTestTask.java:139)&#13;
	at org.junit.platform.engine.support.hierarchical.ThrowableCollector.execute(ThrowableCollector.java:73)&#13;
	at org.junit.platform.engine.support.hierarchical.NodeTestTask.lambda$executeRecursively$7(NodeTestTask.java:125)&#13;
	at org.junit.platform.engine.support.hierarchical.Node.around(Node.java:135)&#13;
	at org.junit.platform.engine.support.hierarchical.NodeTestTask.lambda$executeRecursively$8(NodeTestTask.java:123)&#13;
	at org.junit.platform.engine.support.hierarchical.ThrowableCollector.execute(ThrowableCollector.java:73)&#13;
	at org.junit.platform.engine.support.hierarchical.NodeTestTask.executeRecursively(NodeTestTask.java:122)&#13;
	at org.junit.platform.engine.support.hierarchical.NodeTestTask.execute(NodeTestTask.java:80)&#13;
	at java.base/java.util.ArrayList.forEach(ArrayList.java:1540)&#13;
	at org.junit.platform.engine.support.hierarchical.SameThreadHierarchicalTestExecutorService.invokeAll(SameThreadHierarchicalTestExecutorService.java:38)&#13;
	at org.junit.platform.engine.support.hierarchical.NodeTestTask.lambda$executeRecursively$5(NodeTestTask.java:139)&#13;
	at org.junit.platform.engine.support.hierarchical.ThrowableCollector.execute(ThrowableCollector.java:73)&#13;
	at org.junit.platform.engine.support.hierarchical.NodeTestTask.lambda$executeRecursively$7(NodeTestTask.java:125)&#13;
	at org.junit.platform.engine.support.hierarchical.Node.around(Node.java:135)&#13;
	at org.junit.platform.engine.support.hierarchical.NodeTestTask.lambda$executeRecursively$8(NodeTestTask.java:123)&#13;
	at org.junit.platform.engine.support.hierarchical.ThrowableCollector.execute(ThrowableCollector.java:73)&#13;
	at org.junit.platform.engine.support.hierarchical.NodeTestTask.executeRecursively(NodeTestTask.java:122)&#13;
	at org.junit.platform.engine.support.hierarchical.NodeTestTask.execute(NodeTestTask.java:80)&#13;
	at org.junit.platform.engine.support.hierarchical.SameThreadHierarchicalTestExecutorService.submit(SameThreadHierarchicalTestExecutorService.java:32)&#13;
	at org.junit.platform.engine.support.hierarchical.HierarchicalTestExecutor.execute(HierarchicalTestExecutor.java:57)&#13;
	at org.junit.platform.engine.support.hierarchical.HierarchicalTestEngine.execute(HierarchicalTestEngine.java:51)&#13;
	at org.junit.platform.launcher.core.DefaultLauncher.execute(DefaultLauncher.java:229)&#13;
	at org.junit.platform.launcher.core.DefaultLauncher.lambda$execute$6(DefaultLauncher.java:197)&#13;
	at org.junit.platform.launcher.core.DefaultLauncher.withInterceptedStreams(DefaultLauncher.java:211)&#13;
	at org.junit.platform.launcher.core.DefaultLauncher.execute(DefaultLauncher.java:191)&#13;
	at org.junit.platform.launcher.core.DefaultLauncher.execute(DefaultLauncher.java:137)&#13;
	at org.eclipse.jdt.internal.junit5.runner.JUnit5TestReference.run(JUnit5TestReference.java:89)&#13;
	at org.eclipse.jdt.internal.junit.runner.TestExecution.run(TestExecution.java:41)&#13;
	at org.eclipse.jdt.internal.junit.runner.RemoteTestRunner.runTests(RemoteTestRunner.java:541)&#13;
	at org.eclipse.jdt.internal.junit.runner.RemoteTestRunner.runTests(RemoteTestRunner.java:763)&#13;
	at org.eclipse.jdt.internal.junit.runner.RemoteTestRunner.run(RemoteTestRunner.java:463)&#13;
	at org.eclipse.jdt.internal.junit.runner.RemoteTestRunner.main(RemoteTestRunner.java:209)&#13;
&#13;
</failure>
    </testcase>
    <testcase name="GroupByPublicationYearTest2" classname="BookshelfTest" time="0.0" displayname="GroupByPublicationYearTest2()" uniqueid="[engine:junit-jupiter]/[class:BookshelfTest]/[method:GroupByPublicationYearTest2()]"/>
    <testcase name="GroupByPublicationYearTest3" classname="BookshelfTest" time="0.001" displayname="GroupByPublicationYearTest3()" uniqueid="[engine:junit-jupiter]/[class:BookshelfTest]/[method:GroupByPublicationYearTest3()]"/>
    <testcase name="arrangeCompatorTest" classname="BookshelfTest" time="0.001" displayname="arrangeCompatorTest()" uniqueid="[engine:junit-jupiter]/[class:BookshelfTest]/[method:arrangeCompatorTest()]"/>
    <testcase name="Addtest" classname="BookshelfTest" time="0.007" displayname="Addtest()" uniqueid="[engine:junit-jupiter]/[class:BookshelfTest]/[method:Addtest()]"/>
  </testsuite>
</testrun>
